
Deleted - Post ID 151 - attachment - 19-1
Deleted - Post ID 158 - attachment - about-bg
Deleted - Post ID 170 - attachment - snow-1
Deleted - Post ID 179 - attachment - water-sports-01
Deleted - Post ID 180 - attachment - water-sports-02
Deleted - Post ID 180 - attachment - water-sports-02
Deleted - Post ID 58 -  - 
Deleted - Post ID 62 -  - 
Deleted - Post ID 94 -  - 
Deleted - Post ID 99 -  - 
Deleted - Post ID 132 -  - 
Deleted - Post ID 151 -  - 
Deleted - Post ID 158 -  - 
Deleted - Post ID 170 -  - 
Deleted - Post ID 179 -  - 
Deleted - Post ID 180 -  - 
Deleted - Post ID 182 - attachment - water-sports-03
Deleted - Post ID 182 - attachment - water-sports-03
Deleted - Post ID 183 - attachment - water-sports-04
Deleted - Post ID 183 - attachment - water-sports-04
Deleted - Post ID 185 - attachment - winter-sports-01
Deleted - Post ID 186 - attachment - winter-sports-02
Deleted - Post ID 187 - attachment - winter-sports-03
Deleted - Post ID 188 - attachment - winter-sports-04
Deleted - Post ID 190 - attachment - camp-1
Deleted - Post ID 190 - attachment - camp-1
Deleted - Post ID 191 - attachment - camp-2
Deleted - Post ID 192 - attachment - camp-3
Deleted - Post ID 193 - attachment - camp-4
Deleted - Post ID 182 -  - 
Deleted - Post ID 183 -  - 
Deleted - Post ID 185 -  - 
Deleted - Post ID 186 -  - 
Deleted - Post ID 187 -  - 
Deleted - Post ID 188 -  - 
Deleted - Post ID 190 -  - 
Deleted - Post ID 191 -  - 
Deleted - Post ID 192 -  - 
Deleted - Post ID 193 -  - 
Deleted - Post ID 557 - nav_menu_item - 
Deleted - Post ID 49 - custom_css - astra
Deleted - Post ID 194 - attachment - services-bg
Deleted - Post ID 198 - attachment - winter-sport
Deleted - Post ID 198 - attachment - winter-sport
Deleted - Post ID 216 - attachment - project-background
Deleted - Post ID 228 - attachment - image-1
Deleted - Post ID 237 - attachment - hero-bg
Deleted - Post ID 418 - attachment - logo
Deleted - Post ID 419 - attachment - logo@2x
Deleted - Post ID 419 - attachment - logo@2x
Deleted - Post ID 421 - attachment - white-logo@2x
Deleted - Post ID 557 -  - 
Deleted - Post ID 49 -  - 
Deleted - Post ID 194 -  - 
Deleted - Post ID 198 -  - 
Deleted - Post ID 216 -  - 
Deleted - Post ID 228 -  - 
Deleted - Post ID 237 -  - 
Deleted - Post ID 418 -  - 
Deleted - Post ID 419 -  - 
Deleted - Post ID 421 -  - 
Deleted - Post ID 422 - attachment - white-logo
Deleted - Post ID 422 - attachment - white-logo
Deleted - Post ID 424 - attachment - hiking-v1
Deleted - Post ID 426 - attachment - walking-v1
Deleted - Post ID 429 - attachment - section-bg-img
Deleted - Post ID 442 - elementor_library - Default Kit
Deleted - Post ID 442 - elementor_library - Default Kit
Deleted - Post ID 447 - attachment - outdoor-adventure-yoast-seo
Deleted - Post ID 447 - attachment - outdoor-adventure-yoast-seo
Deleted - Post ID 523 - attachment - outdoor-image-01
Deleted - Post ID 527 - attachment - outdoor-image-02
Deleted - Post ID 527 - attachment - outdoor-image-02
Deleted - Post ID 535 - attachment - outdoor-image-04
Deleted - Post ID 539 - attachment - outdoor-image-03
Deleted - Post ID 422 -  - 
Deleted - Post ID 424 -  - 
Deleted - Post ID 426 -  - 
Deleted - Post ID 429 -  - 
Deleted - Post ID 442 -  - 
Deleted - Post ID 447 -  - 
Deleted - Post ID 523 -  - 
Deleted - Post ID 527 -  - 
Deleted - Post ID 535 -  - 
Deleted - Post ID 539 -  - 
Deleted - Post ID 558 - page - Home
Deleted - Post ID 558 - page - Home
Deleted - Post ID 559 - page - About
Deleted - Post ID 559 - page - About
Deleted - Post ID 560 - page - Services
Deleted - Post ID 561 - page - Projects
Deleted - Post ID 562 - page - Contact
Deleted - Post ID 562 - page - Contact
Deleted - Post ID 11 - nav_menu_item - 
Deleted - Post ID 558 -  - menu_item - 
Deleted - Post ID 563 - nav_menu_item - 
Deleted - Post ID 150 - nav_menu_item - 
Deleted - Post ID 561 -  - 
Deleted - Post ID 562 -  - 
Deleted - Post ID 11 -  - 
Deleted - Post ID 12 -  - 
Deleted - Post ID 563 -  - 
Deleted - Post ID 150 -  - 
Inserted WP Form 571
Deleted customizer Settings {"theme-auto-version":"4.0.2","is_theme_queue_running":false}
Deleted - Site Options {"woocommerce_product_attributes":[],"woocommerce_product_cat_list":[],"woocommerce_product_cat":[],"custom_logo":"https:\/\/websitedemos.net\/outdoor-adventure-02\/wp-content\/uploads\/sites\/351\/2020\/01\/logo.png","nav_menu_locations":{"primary":"menu"},"show_on_front":"page","page_on_front":"Home","page_for_posts":"","_fl_builder_enabled_icons":null,"_fl_builder_enabled_modules":null,"_fl_builder_post_types":null,"_fl_builder_color_presets":null,"_fl_builder_services":null,"_fl_builder_settings":null,"_fl_builder_user_access":null,"_fl_builder_enabled_templates":null,"elementor_container_width":"","elementor_cpt_support":["post","page"],"elementor_css_print_method":"external","elementor_default_generic_fonts":"Sans-serif","elementor_disable_color_schemes":"yes","elementor_disable_typography_schemes":"yes","elementor_editor_break_lines":"","elementor_exclude_user_roles":null,"elementor_global_image_lightbox":"yes","elementor_page_title_selector":"","elementor_scheme_color":{"1":"#6ec1e4","2":"#54595f","3":"#7a7a7a","4":"#61ce70"},"elementor_scheme_color-picker]":{"1":"#6ec1e4","2":"#54595f","3":"#7a7a7a","4":"#61ce70","5":"#4054b2","6":"#23a455","7":"#000","8":"#fff"},"elementor_scheme_typography":{"1":{"font_family":"Roboto","font_weight":"600"},"2":{"font_family":"Roboto Slab","font_weight":"400"},"3":{"font_family":"Roboto","font_weight":"400"},"4":{"font_family":"Roboto","font_weight":"500"}},"elementor_space_between_widgets":"","elementor_stretched_section_container":"","elementor_load_fa4_shim":"yes","elementor_active_kit":"442","woocommerce_shop_page_title":"","woocommerce_cart_page_title":"","woocommerce_checkout_page_title":"","woocommerce_myaccount_page_title":"","woocommerce_edit_address_page_title":"","woocommerce_view_order_page_title":"","woocommerce_change_password_page_title":"","woocommerce_logout_page_title":"","woocommerce_enable_guest_checkout":null,"woocommerce_enable_checkout_login_reminder":null,"woocommerce_enable_signup_and_login_from_checkout":"no","woocommerce_enable_myaccount_registration":"no","woocommerce_registration_generate_username":"no","wpforms_settings":{"disable-css":"2","global-assets":false,"gdpr":false},"learndash_settings_theme_ld30":null,"learndash_settings_courses_themes":null,"astra-color-palettes":{"currentPalette":"palette_1","palettes":{"palette_1":["#fb2056","#da1c4b","#191919","#404040","#f5f5f5","#ffffff","#ececec","#313131","#000000"],"palette_2":["#0274be","#3a3a3a","#3a3a3a","#4B4F58","#ffffff","#f7f7f7","#191919","#16151f","#000000"],"palette_3":["#0274be","#3a3a3a","#3a3a3a","#4B4F58","#ffffff","#f7f7f7","#191919","#020013","#000000"]},"flag":true},"astra-typography-presets":""}
DELETED - WIDGETS ["block-2","block-3","block-4","block-5","block-6","search-1","recent-posts-1","recent-comments-1","archives-1","categories-2","meta-1","block-7","search-2","recent-posts-2","recent-comments-2","archives-2","categories-3","meta-2","block-8"]
DELETED - WIDGET search-2
DELETED - WIDGET recent-posts-2
DELETED - WIDGET recent-comments-2
DELETED - WIDGET archives-2
DELETED - WIDGET categories-3
DELETED - WIDGET meta-2
DELETED - WIDGET block-8
Deleted - Form ID 570 - wpforms - Contact Form
Deleted - Form ID 571 - wpforms - Contact Form
Inserted WP Form 574
Deleted customizer Settings {"theme-auto-version":"4.0.2","is_theme_queue_running":false}
Deleted - Site Options {"woocommerce_product_attributes":[],"woocommerce_product_cat_list":[],"woocommerce_product_cat":[],"custom_logo":"https:\/\/websitedemos.net\/outdoor-adventure-02\/wp-content\/uploads\/sites\/351\/2020\/01\/logo.png","nav_menu_locations":{"primary":"menu"},"show_on_front":"page","page_on_front":"Home","page_for_posts":"","_fl_builder_enabled_icons":null,"_fl_builder_enabled_modules":null,"_fl_builder_post_types":null,"_fl_builder_color_presets":null,"_fl_builder_services":null,"_fl_builder_settings":null,"_fl_builder_user_access":null,"_fl_builder_enabled_templates":null,"elementor_container_width":"","elementor_cpt_support":["post","page"],"elementor_css_print_method":"external","elementor_default_generic_fonts":"Sans-serif","elementor_disable_color_schemes":"yes","elementor_disable_typography_schemes":"yes","elementor_editor_break_lines":"","elementor_exclude_user_roles":null,"elementor_global_image_lightbox":"yes","elementor_page_title_selector":"","elementor_scheme_color":{"1":"#6ec1e4","2":"#54595f","3":"#7a7a7a","4":"#61ce70"},"elementor_scheme_color-picker]":{"1":"#6ec1e4","2":"#54595f","3":"#7a7a7a","4":"#61ce70","5":"#4054b2","6":"#23a455","7":"#000","8":"#fff"},"elementor_scheme_typography":{"1":{"font_family":"Roboto","font_weight":"600"},"2":{"font_family":"Roboto Slab","font_weight":"400"},"3":{"font_family":"Roboto","font_weight":"400"},"4":{"font_family":"Roboto","font_weight":"500"}},"elementor_space_between_widgets":"","elementor_stretched_section_container":"","elementor_load_fa4_shim":"yes","elementor_active_kit":"442","woocommerce_shop_page_title":"","woocommerce_cart_page_title":"","woocommerce_checkout_page_title":"","woocommerce_myaccount_page_title":"","woocommerce_edit_address_page_title":"","woocommerce_view_order_page_title":"","woocommerce_change_password_page_title":"","woocommerce_logout_page_title":"","woocommerce_enable_guest_checkout":null,"woocommerce_enable_checkout_login_reminder":null,"woocommerce_enable_signup_and_login_from_checkout":"no","woocommerce_enable_myaccount_registration":"no","woocommerce_registration_generate_username":"no","wpforms_settings":{"disable-css":"2","global-assets":false,"gdpr":false},"learndash_settings_theme_ld30":null,"learndash_settings_courses_themes":null,"astra-color-palettes":{"currentPalette":"palette_1","palettes":{"palette_1":["#fb2056","#da1c4b","#191919","#404040","#f5f5f5","#ffffff","#ececec","#313131","#000000"],"palette_2":["#0274be","#3a3a3a","#3a3a3a","#4B4F58","#ffffff","#f7f7f7","#191919","#16151f","#000000"],"palette_3":["#0274be","#3a3a3a","#3a3a3a","#4B4F58","#ffffff","#f7f7f7","#191919","#020013","#000000"]},"flag":true},"astra-typography-presets":""}
DELETED - WIDGETS ["block-2","block-3","block-4","block-5","block-6","search-1","recent-posts-1","recent-comments-1","archives-1","categories-2","meta-1","block-7","search-2","recent-posts-2","recent-comments-2","archives-2","categories-3","meta-2","block-8"]
Deleted - Form ID 574 - wpforms - Contact Form
Inserted WP Form 576
Imported - Site Options {"woocommerce_product_attributes":[],"woocommerce_product_cat_list":[],"woocommerce_product_cat":[],"custom_logo":"https:\/\/websitedemos.net\/outdoor-adventure-02\/wp-content\/uploads\/sites\/351\/2020\/01\/logo.png","nav_menu_locations":{"primary":"menu"},"show_on_front":"page","page_on_front":"Home","page_for_posts":"","_fl_builder_enabled_icons":null,"_fl_builder_enabled_modules":null,"_fl_builder_post_types":null,"_fl_builder_color_presets":null,"_fl_builder_services":null,"_fl_builder_settings":null,"_fl_builder_user_access":null,"_fl_builder_enabled_templates":null,"elementor_container_width":"","elementor_cpt_support":["post","page"],"elementor_css_print_method":"external","elementor_default_generic_fonts":"Sans-serif","elementor_disable_color_schemes":"yes","elementor_disable_typography_schemes":"yes","elementor_editor_break_lines":"","elementor_exclude_user_roles":null,"elementor_global_image_lightbox":"yes","elementor_page_title_selector":"","elementor_scheme_color":{"1":"#6ec1e4","2":"#54595f","3":"#7a7a7a","4":"#61ce70"},"elementor_scheme_color-picker]":{"1":"#6ec1e4","2":"#54595f","3":"#7a7a7a","4":"#61ce70","5":"#4054b2","6":"#23a455","7":"#000","8":"#fff"},"elementor_scheme_typography":{"1":{"font_family":"Roboto","font_weight":"600"},"2":{"font_family":"Roboto Slab","font_weight":"400"},"3":{"font_family":"Roboto","font_weight":"400"},"4":{"font_family":"Roboto","font_weight":"500"}},"elementor_space_between_widgets":"","elementor_stretched_section_container":"","elementor_load_fa4_shim":"yes","elementor_active_kit":"442","woocommerce_shop_page_title":"","woocommerce_cart_page_title":"","woocommerce_checkout_page_title":"","woocommerce_myaccount_page_title":"","woocommerce_edit_address_page_title":"","woocommerce_view_order_page_title":"","woocommerce_change_password_page_title":"","woocommerce_logout_page_title":"","woocommerce_enable_guest_checkout":null,"woocommerce_enable_checkout_login_reminder":null,"woocommerce_enable_signup_and_login_from_checkout":"no","woocommerce_enable_myaccount_registration":"no","woocommerce_registration_generate_username":"no","wpforms_settings":{"disable-css":"2","global-assets":false,"gdpr":false},"learndash_settings_theme_ld30":null,"learndash_settings_courses_themes":null,"astra-color-palettes":{"currentPalette":"palette_1","palettes":{"palette_1":["#fb2056","#da1c4b","#191919","#404040","#f5f5f5","#ffffff","#ececec","#313131","#000000"],"palette_2":["#0274be","#3a3a3a","#3a3a3a","#4B4F58","#ffffff","#f7f7f7","#191919","#16151f","#000000"],"palette_3":["#0274be","#3a3a3a","#3a3a3a","#4B4F58","#ffffff","#f7f7f7","#191919","#020013","#000000"]},"flag":true},"astra-typography-presets":""}
Source - https://websitedemos.net/outdoor-adventure-02/wp-content/uploads/sites/351/2020/01/logo.png
BATCH - SKIP Image {already imported from xml} - https://websitedemos.net/outdoor-adventure-02/wp-content/uploads/sites/351/2020/01/logo.png
Log - {"id":"7","url":"http:\/\/localhost\/ahmed.com\/wp-content\/uploads\/2023\/02\/logo.png"}
Inserted - Post 7 - attachment - Logo
Imported - Site Options {"woocommerce_product_attributes":[],"woocommerce_product_cat_list":[],"woocommerce_product_cat":[],"custom_logo":"https:\/\/websitedemos.net\/outdoor-adventure-02\/wp-content\/uploads\/sites\/351\/2020\/01\/logo.png","nav_menu_locations":{"primary":"menu"},"show_on_front":"page","page_on_front":"Home","page_for_posts":"","_fl_builder_enabled_icons":null,"_fl_builder_enabled_modules":null,"_fl_builder_post_types":null,"_fl_builder_color_presets":null,"_fl_builder_services":null,"_fl_builder_settings":null,"_fl_builder_user_access":null,"_fl_builder_enabled_templates":null,"elementor_container_width":"","elementor_cpt_support":["post","page"],"elementor_css_print_method":"external","elementor_default_generic_fonts":"Sans-serif","elementor_disable_color_schemes":"yes","elementor_disable_typography_schemes":"yes","elementor_editor_break_lines":"","elementor_exclude_user_roles":null,"elementor_global_image_lightbox":"yes","elementor_page_title_selector":"","elementor_scheme_color":{"1":"#6ec1e4","2":"#54595f","3":"#7a7a7a","4":"#61ce70"},"elementor_scheme_color-picker]":{"1":"#6ec1e4","2":"#54595f","3":"#7a7a7a","4":"#61ce70","5":"#4054b2","6":"#23a455","7":"#000","8":"#fff"},"elementor_scheme_typography":{"1":{"font_family":"Roboto","font_weight":"600"},"2":{"font_family":"Roboto Slab","font_weight":"400"},"3":{"font_family":"Roboto","font_weight":"400"},"4":{"font_family":"Roboto","font_weight":"500"}},"elementor_space_between_widgets":"","elementor_stretched_section_container":"","elementor_load_fa4_shim":"yes","elementor_active_kit":"442","woocommerce_shop_page_title":"","woocommerce_cart_page_title":"","woocommerce_checkout_page_title":"","woocommerce_myaccount_page_title":"","woocommerce_edit_address_page_title":"","woocommerce_view_order_page_title":"","woocommerce_change_password_page_title":"","woocommerce_logout_page_title":"","woocommerce_enable_guest_checkout":null,"woocommerce_enable_checkout_login_reminder":null,"woocommerce_enable_signup_and_login_from_checkout":"no","woocommerce_enable_myaccount_registration":"no","woocommerce_registration_generate_username":"no","wpforms_settings":{"disable-css":"2","global-assets":false,"gdpr":false},"learndash_settings_theme_ld30":null,"learndash_settings_courses_themes":null,"astra-color-palettes":{"currentPalette":"palette_1","palettes":{"palette_1":["#fb2056","#da1c4b","#191919","#404040","#f5f5f5","#ffffff","#ececec","#313131","#000000"],"palette_2":["#0274be","#3a3a3a","#3a3a3a","#4B4F58","#ffffff","#f7f7f7","#191919","#16151f","#000000"],"palette_3":["#0274be","#3a3a3a","#3a3a3a","#4B4F58","#ffffff","#f7f7f7","#191919","#020013","#000000"]},"flag":true},"astra-typography-presets":""}
Source - https://websitedemos.net/outdoor-adventure-02/wp-content/uploads/sites/351/2020/01/logo.png
BATCH - SKIP Image {already imported from xml} - https://websitedemos.net/outdoor-adventure-02/wp-content/uploads/sites/351/2020/01/logo.png
Log - {"id":"7","url":"http:\/\/localhost\/ahmed.com\/wp-content\/uploads\/2023\/02\/logo.png"}
Inserted - Post 7 - attachment - Logo
Imported - Site Options {"woocommerce_product_attributes":[],"woocommerce_product_cat_list":[],"woocommerce_product_cat":[],"custom_logo":"https:\/\/websitedemos.net\/outdoor-adventure-02\/wp-content\/uploads\/sites\/351\/2020\/01\/logo.png","nav_menu_locations":{"primary":"menu"},"show_on_front":"page","page_on_front":"Home","page_for_posts":"","_fl_builder_enabled_icons":null,"_fl_builder_enabled_modules":null,"_fl_builder_post_types":null,"_fl_builder_color_presets":null,"_fl_builder_services":null,"_fl_builder_settings":null,"_fl_builder_user_access":null,"_fl_builder_enabled_templates":null,"elementor_container_width":"","elementor_cpt_support":["post","page"],"elementor_css_print_method":"external","elementor_default_generic_fonts":"Sans-serif","elementor_disable_color_schemes":"yes","elementor_disable_typography_schemes":"yes","elementor_editor_break_lines":"","elementor_exclude_user_roles":null,"elementor_global_image_lightbox":"yes","elementor_page_title_selector":"","elementor_scheme_color":{"1":"#6ec1e4","2":"#54595f","3":"#7a7a7a","4":"#61ce70"},"elementor_scheme_color-picker]":{"1":"#6ec1e4","2":"#54595f","3":"#7a7a7a","4":"#61ce70","5":"#4054b2","6":"#23a455","7":"#000","8":"#fff"},"elementor_scheme_typography":{"1":{"font_family":"Roboto","font_weight":"600"},"2":{"font_family":"Roboto Slab","font_weight":"400"},"3":{"font_family":"Roboto","font_weight":"400"},"4":{"font_family":"Roboto","font_weight":"500"}},"elementor_space_between_widgets":"","elementor_stretched_section_container":"","elementor_load_fa4_shim":"yes","elementor_active_kit":"442","woocommerce_shop_page_title":"","woocommerce_cart_page_title":"","woocommerce_checkout_page_title":"","woocommerce_myaccount_page_title":"","woocommerce_edit_address_page_title":"","woocommerce_view_order_page_title":"","woocommerce_change_password_page_title":"","woocommerce_logout_page_title":"","woocommerce_enable_guest_checkout":null,"woocommerce_enable_checkout_login_reminder":null,"woocommerce_enable_signup_and_login_from_checkout":"no","woocommerce_enable_myaccount_registration":"no","woocommerce_registration_generate_username":"no","wpforms_settings":{"disable-css":"2","global-assets":false,"gdpr":false},"learndash_settings_theme_ld30":null,"learndash_settings_courses_themes":null,"astra-color-palettes":{"currentPalette":"palette_1","palettes":{"palette_1":["#fb2056","#da1c4b","#191919","#404040","#f5f5f5","#ffffff","#ececec","#313131","#000000"],"palette_2":["#0274be","#3a3a3a","#3a3a3a","#4B4F58","#ffffff","#f7f7f7","#191919","#16151f","#000000"],"palette_3":["#0274be","#3a3a3a","#3a3a3a","#4B4F58","#ffffff","#f7f7f7","#191919","#020013","#000000"]},"flag":true},"astra-typography-presets":""}
Source - https://websitedemos.net/outdoor-adventure-02/wp-content/uploads/sites/351/2020/01/logo.png
BATCH - SKIP Image {already imported from xml} - https://websitedemos.net/outdoor-adventure-02/wp-content/uploads/sites/351/2020/01/logo.png
Log - {"id":"7","url":"http:\/\/localhost\/ahmed.com\/wp-content\/uploads\/2023\/02\/logo.png"}
Inserted - Post 7 - attachment - Logo
Batch Process Started..
Starter Templates - Importing Images for Blog name 'hotel x' (1)
---- Processing Images from Widgets -----
---- Processing Contact Form Mapping from Text Widgets -----
---- Processing Contact Form Mapping from WP Forms Widgets -----
---- Processing WordPress Posts / Pages - for "Gutenberg" ----
---- Processing WordPress Posts / Pages - for Elementor ----
---- Processing MISC ----
---- Processing Images Metadata ----
---- Processing batch process for Customizer start ----
---- Processing batch process for Customizer done ----
Batch Process Complete!